# JRE version: Java(TM) SE Runtime Environment (8.0_05-b13) (build 1.8.0_05-b13)
# Java VM: Java HotSpot(TM) 64-Bit Server VM (25.5-b02 mixed mode windows-amd64 compressed oops)
Heap:
 PSYoungGen      total 223232K, used 62073K [0x00000000eab00000, 0x00000000fce80000, 0x0000000100000000)
  eden space 174592K, 10% used [0x00000000eab00000,0x00000000ebdb1318,0x00000000f5580000)
  from space 48640K, 88% used [0x00000000f5580000,0x00000000f7f6d198,0x00000000f8500000)
  to   space 60416K, 0% used [0x00000000f9380000,0x00000000f9380000,0x00000000fce80000)
 ParOldGen       total 208896K, used 178043K [0x00000000c0000000, 0x00000000ccc00000, 0x00000000eab00000)
  object space 208896K, 85% used [0x00000000c0000000,0x00000000caddef70,0x00000000ccc00000)
 Metaspace       used 127340K, capacity 137043K, committed 137088K, reserved 1165312K
  class space    used 18118K, capacity 21627K, committed 21632K, reserved 1048576K
GC Heap History (10 events):
Event: 5828.145 GC heap before
{Heap before GC invocations=83 (full 21):
 PSYoungGen      total 220160K, used 173568K [0x00000000eab00000, 0x00000000fb580000, 0x0000000100000000)
  eden space 173568K, 100% used [0x00000000eab00000,0x00000000f5480000,0x00000000f5480000)
  from space 46592K, 0% used [0x00000000f5480000,0x00000000f5480000,0x00000000f8200000)
  to   space 49664K, 0% used [0x00000000f8500000,0x00000000f8500000,0x00000000fb580000)
 ParOldGen       total 176128K, used 172318K [0x00000000c0000000, 0x00000000cac00000, 0x00000000eab00000)
  object space 176128K, 97% used [0x00000000c0000000,0x00000000ca847b98,0x00000000cac00000)
 Metaspace       used 112894K, capacity 120488K, committed 120832K, reserved 1150976K
  class space    used 15935K, capacity 18717K, committed 18944K, reserved 1048576K
Event: 5828.160 GC heap after
Heap after GC invocations=83 (full 21):
 PSYoungGen      total 224256K, used 19232K [0x00000000eab00000, 0x00000000fb780000, 0x0000000100000000)
  eden space 174592K, 0% used [0x00000000eab00000,0x00000000eab00000,0x00000000f5580000)
  from space 49664K, 38% used [0x00000000f8500000,0x00000000f97c8260,0x00000000fb580000)
  to   space 48640K, 0% used [0x00000000f5580000,0x00000000f5580000,0x00000000f8500000)
 ParOldGen       total 176128K, used 172326K [0x00000000c0000000, 0x00000000cac00000, 0x00000000eab00000)
  object space 176128K, 97% used [0x00000000c0000000,0x00000000ca849b98,0x00000000cac00000)
 Metaspace       used 112894K, capacity 120488K, committed 120832K, reserved 1150976K
  class space    used 15935K, capacity 18717K, committed 18944K, reserved 1048576K
}
Event: 5843.106 GC heap before
{Heap before GC invocations=84 (full 21):
 PSYoungGen      total 224256K, used 193824K [0x00000000eab00000, 0x00000000fb780000, 0x0000000100000000)
  eden space 174592K, 100% used [0x00000000eab00000,0x00000000f5580000,0x00000000f5580000)
  from space 49664K, 38% used [0x00000000f8500000,0x00000000f97c8260,0x00000000fb580000)
  to   space 48640K, 0% used [0x00000000f5580000,0x00000000f5580000,0x00000000f8500000)
 ParOldGen       total 176128K, used 172326K [0x00000000c0000000, 0x00000000cac00000, 0x00000000eab00000)
  object space 176128K, 97% used [0x00000000c0000000,0x00000000ca849b98,0x00000000cac00000)
 Metaspace       used 118346K, capacity 126745K, committed 126848K, reserved 1157120K
  class space    used 16730K, capacity 19773K, committed 19840K, reserved 1048576K
Event: 5843.131 GC heap after
Heap after GC invocations=84 (full 21):
 PSYoungGen      total 223232K, used 32188K [0x00000000eab00000, 0x00000000fb800000, 0x0000000100000000)
  eden space 174592K, 0% used [0x00000000eab00000,0x00000000eab00000,0x00000000f5580000)
  from space 48640K, 66% used [0x00000000f5580000,0x00000000f74ef0a0,0x00000000f8500000)
  to   space 48640K, 0% used [0x00000000f8880000,0x00000000f8880000,0x00000000fb800000)
 ParOldGen       total 176128K, used 172334K [0x00000000c0000000, 0x00000000cac00000, 0x00000000eab00000)
  object space 176128K, 97% used [0x00000000c0000000,0x00000000ca84bb98,0x00000000cac00000)
 Metaspace       used 118346K, capacity 126745K, committed 126848K, reserved 1157120K
  class space    used 16730K, capacity 19773K, committed 19840K, reserved 1048576K
}
Event: 5851.678 GC heap before
{Heap before GC invocations=85 (full 21):
 PSYoungGen      total 223232K, used 206780K [0x00000000eab00000, 0x00000000fb800000, 0x0000000100000000)
  eden space 174592K, 100% used [0x00000000eab00000,0x00000000f5580000,0x00000000f5580000)
  from space 48640K, 66% used [0x00000000f5580000,0x00000000f74ef0a0,0x00000000f8500000)
  to   space 48640K, 0% used [0x00000000f8880000,0x00000000f8880000,0x00000000fb800000)
 ParOldGen       total 176128K, used 172334K [0x00000000c0000000, 0x00000000cac00000, 0x00000000eab00000)
  object space 176128K, 97% used [0x00000000c0000000,0x00000000ca84bb98,0x00000000cac00000)
 Metaspace       used 123206K, capacity 132236K, committed 132480K, reserved 1161216K
  class space    used 17450K, capacity 20742K, committed 20864K, reserved 1048576K
Event: 5851.716 GC heap after
Heap after GC invocations=85 (full 21):
 PSYoungGen      total 223232K, used 42826K [0x00000000eab00000, 0x00000000fb800000, 0x0000000100000000)
  eden space 174592K, 0% used [0x00000000eab00000,0x00000000eab00000,0x00000000f5580000)
  from space 48640K, 88% used [0x00000000f8880000,0x00000000fb2529e8,0x00000000fb800000)
  to   space 48640K, 0% used [0x00000000f5580000,0x00000000f5580000,0x00000000f8500000)
 ParOldGen       total 176128K, used 172342K [0x00000000c0000000, 0x00000000cac00000, 0x00000000eab00000)
  object space 176128K, 97% used [0x00000000c0000000,0x00000000ca84db98,0x00000000cac00000)
 Metaspace       used 123206K, capacity 132236K, committed 132480K, reserved 1161216K
  class space    used 17450K, capacity 20742K, committed 20864K, reserved 1048576K
}
Event: 5890.540 GC heap before
{Heap before GC invocations=86 (full 21):
 PSYoungGen      total 223232K, used 217418K [0x00000000eab00000, 0x00000000fb800000, 0x0000000100000000)
  eden space 174592K, 100% used [0x00000000eab00000,0x00000000f5580000,0x00000000f5580000)
  from space 48640K, 88% used [0x00000000f8880000,0x00000000fb2529e8,0x00000000fb800000)
  to   space 48640K, 0% used [0x00000000f5580000,0x00000000f5580000,0x00000000f8500000)
 ParOldGen       total 176128K, used 172342K [0x00000000c0000000, 0x00000000cac00000, 0x00000000eab00000)
  object space 176128K, 97% used [0x00000000c0000000,0x00000000ca84db98,0x00000000cac00000)
 Metaspace       used 127062K, capacity 136793K, committed 136832K, reserved 1165312K
  class space    used 18111K, capacity 21625K, committed 21632K, reserved 1048576K
Event: 5890.587 GC heap after
Heap after GC invocations=86 (full 21):
 PSYoungGen      total 223232K, used 48608K [0x00000000eab00000, 0x00000000fce80000, 0x0000000100000000)
  eden space 174592K, 0% used [0x00000000eab00000,0x00000000eab00000,0x00000000f5580000)
  from space 48640K, 99% used [0x00000000f5580000,0x00000000f84f8060,0x00000000f8500000)
  to   space 60416K, 0% used [0x00000000f9380000,0x00000000f9380000,0x00000000fce80000)
 ParOldGen       total 178176K, used 177993K [0x00000000c0000000, 0x00000000cae00000, 0x00000000eab00000)
  object space 178176K, 99% used [0x00000000c0000000,0x00000000cadd2470,0x00000000cae00000)
 Metaspace       used 127062K, capacity 136793K, committed 136832K, reserved 1165312K
  class space    used 18111K, capacity 21625K, committed 21632K, reserved 1048576K
}
Event: 5890.587 GC heap before
{Heap before GC invocations=87 (full 22):
 PSYoungGen      total 223232K, used 48608K [0x00000000eab00000, 0x00000000fce80000, 0x0000000100000000)
  eden space 174592K, 0% used [0x00000000eab00000,0x00000000eab00000,0x00000000f5580000)
  from space 48640K, 99% used [0x00000000f5580000,0x00000000f84f8060,0x00000000f8500000)
  to   space 60416K, 0% used [0x00000000f9380000,0x00000000f9380000,0x00000000fce80000)
 ParOldGen       total 178176K, used 177993K [0x00000000c0000000, 0x00000000cae00000, 0x00000000eab00000)
  object space 178176K, 99% used [0x00000000c0000000,0x00000000cadd2470,0x00000000cae00000)
 Metaspace       used 127062K, capacity 136793K, committed 136832K, reserved 1165312K
  class space    used 18111K, capacity 21625K, committed 21632K, reserved 1048576K
Event: 5891.282 GC heap after
Heap after GC invocations=87 (full 22):
 PSYoungGen      total 223232K, used 42932K [0x00000000eab00000, 0x00000000fce80000, 0x0000000100000000)
  eden space 174592K, 0% used [0x00000000eab00000,0x00000000eab00000,0x00000000f5580000)
  from space 48640K, 88% used [0x00000000f5580000,0x00000000f7f6d198,0x00000000f8500000)
  to   space 60416K, 0% used [0x00000000f9380000,0x00000000f9380000,0x00000000fce80000)
 ParOldGen       total 208896K, used 178043K [0x00000000c0000000, 0x00000000ccc00000, 0x00000000eab00000)
  object space 208896K, 85% used [0x00000000c0000000,0x00000000caddef70,0x00000000ccc00000)
 Metaspace       used 126963K, capacity 136451K, committed 136832K, reserved 1165312K
  class space    used 18087K, capacity 21523K, committed 21632K, reserved 1048576K
}

