# JRE version: Java(TM) SE Runtime Environment (8.0_05-b13) (build 1.8.0_05-b13)
# Java VM: Java HotSpot(TM) 64-Bit Server VM (25.5-b02 mixed mode windows-amd64 compressed oops)
Heap:
 PSYoungGen      total 141824K, used 56480K [0x00000000eab00000, 0x00000000f5e80000, 0x0000000100000000)
  eden space 104960K, 30% used [0x00000000eab00000,0x00000000eca72808,0x00000000f1180000)
  from space 36864K, 65% used [0x00000000f3a80000,0x00000000f5235808,0x00000000f5e80000)
  to   space 39424K, 0% used [0x00000000f1180000,0x00000000f1180000,0x00000000f3800000)
 ParOldGen       total 126464K, used 100316K [0x00000000c0000000, 0x00000000c7b80000, 0x00000000eab00000)
  object space 126464K, 79% used [0x00000000c0000000,0x00000000c61f7180,0x00000000c7b80000)
 Metaspace       used 79526K, capacity 85534K, committed 85632K, reserved 1122304K
  class space    used 11215K, capacity 13411K, committed 13440K, reserved 1048576K
GC Heap History (10 events):
Event: 860.295 GC heap before
{Heap before GC invocations=43 (full 9):
 PSYoungGen      total 123904K, used 59027K [0x00000000eab00000, 0x00000000f5580000, 0x0000000100000000)
  eden space 93184K, 30% used [0x00000000eab00000,0x00000000ec6a7690,0x00000000f0600000)
  from space 30720K, 99% used [0x00000000f0600000,0x00000000f23fd638,0x00000000f2400000)
  to   space 35840K, 0% used [0x00000000f3280000,0x00000000f3280000,0x00000000f5580000)
 ParOldGen       total 100352K, used 76437K [0x00000000c0000000, 0x00000000c6200000, 0x00000000eab00000)
  object space 100352K, 76% used [0x00000000c0000000,0x00000000c4aa5760,0x00000000c6200000)
 Metaspace       used 70224K, capacity 74867K, committed 75136K, reserved 1112064K
  class space    used 9911K, capacity 11612K, committed 11648K, reserved 1048576K
Event: 860.324 GC heap after
Heap after GC invocations=43 (full 9):
 PSYoungGen      total 134656K, used 29793K [0x00000000eab00000, 0x00000000f5d80000, 0x0000000100000000)
  eden space 98816K, 0% used [0x00000000eab00000,0x00000000eab00000,0x00000000f0b80000)
  from space 35840K, 83% used [0x00000000f3280000,0x00000000f4f98498,0x00000000f5580000)
  to   space 39936K, 0% used [0x00000000f0b80000,0x00000000f0b80000,0x00000000f3280000)
 ParOldGen       total 100352K, used 78233K [0x00000000c0000000, 0x00000000c6200000, 0x00000000eab00000)
  object space 100352K, 77% used [0x00000000c0000000,0x00000000c4c667b0,0x00000000c6200000)
 Metaspace       used 70224K, capacity 74867K, committed 75136K, reserved 1112064K
  class space    used 9911K, capacity 11612K, committed 11648K, reserved 1048576K
}
Event: 860.324 GC heap before
{Heap before GC invocations=44 (full 10):
 PSYoungGen      total 134656K, used 29793K [0x00000000eab00000, 0x00000000f5d80000, 0x0000000100000000)
  eden space 98816K, 0% used [0x00000000eab00000,0x00000000eab00000,0x00000000f0b80000)
  from space 35840K, 83% used [0x00000000f3280000,0x00000000f4f98498,0x00000000f5580000)
  to   space 39936K, 0% used [0x00000000f0b80000,0x00000000f0b80000,0x00000000f3280000)
 ParOldGen       total 100352K, used 78233K [0x00000000c0000000, 0x00000000c6200000, 0x00000000eab00000)
  object space 100352K, 77% used [0x00000000c0000000,0x00000000c4c667b0,0x00000000c6200000)
 Metaspace       used 70224K, capacity 74867K, committed 75136K, reserved 1112064K
  class space    used 9911K, capacity 11612K, committed 11648K, reserved 1048576K
Event: 860.859 GC heap after
Heap after GC invocations=44 (full 10):
 PSYoungGen      total 134656K, used 2479K [0x00000000eab00000, 0x00000000f5d80000, 0x0000000100000000)
  eden space 98816K, 0% used [0x00000000eab00000,0x00000000eab00000,0x00000000f0b80000)
  from space 35840K, 6% used [0x00000000f3280000,0x00000000f34ebc20,0x00000000f5580000)
  to   space 39936K, 0% used [0x00000000f0b80000,0x00000000f0b80000,0x00000000f3280000)
 ParOldGen       total 100352K, used 100177K [0x00000000c0000000, 0x00000000c6200000, 0x00000000eab00000)
  object space 100352K, 99% used [0x00000000c0000000,0x00000000c61d4760,0x00000000c6200000)
 Metaspace       used 70190K, capacity 74753K, committed 75136K, reserved 1112064K
  class space    used 9903K, capacity 11578K, committed 11648K, reserved 1048576K
}
Event: 875.088 GC heap before
{Heap before GC invocations=45 (full 11):
 PSYoungGen      total 134656K, used 101295K [0x00000000eab00000, 0x00000000f5d80000, 0x0000000100000000)
  eden space 98816K, 100% used [0x00000000eab00000,0x00000000f0b80000,0x00000000f0b80000)
  from space 35840K, 6% used [0x00000000f3280000,0x00000000f34ebc20,0x00000000f5580000)
  to   space 39936K, 0% used [0x00000000f0b80000,0x00000000f0b80000,0x00000000f3280000)
 ParOldGen       total 100352K, used 100177K [0x00000000c0000000, 0x00000000c6200000, 0x00000000eab00000)
  object space 100352K, 99% used [0x00000000c0000000,0x00000000c61d4760,0x00000000c6200000)
 Metaspace       used 72811K, capacity 77839K, committed 77952K, reserved 1116160K
  class space    used 10219K, capacity 12087K, committed 12160K, reserved 1048576K
Event: 875.465 GC heap after
Heap after GC invocations=45 (full 11):
 PSYoungGen      total 134656K, used 9990K [0x00000000eab00000, 0x00000000f5d80000, 0x0000000100000000)
  eden space 98816K, 10% used [0x00000000eab00000,0x00000000eb4c18a8,0x00000000f0b80000)
  from space 35840K, 0% used [0x00000000f3280000,0x00000000f3280000,0x00000000f5580000)
  to   space 39936K, 0% used [0x00000000f0b80000,0x00000000f0b80000,0x00000000f3280000)
 ParOldGen       total 126464K, used 100300K [0x00000000c0000000, 0x00000000c7b80000, 0x00000000eab00000)
  object space 126464K, 79% used [0x00000000c0000000,0x00000000c61f3180,0x00000000c7b80000)
 Metaspace       used 72811K, capacity 77839K, committed 77952K, reserved 1116160K
  class space    used 10219K, capacity 12087K, committed 12160K, reserved 1048576K
}
Event: 875.965 GC heap before
{Heap before GC invocations=46 (full 11):
 PSYoungGen      total 134656K, used 98816K [0x00000000eab00000, 0x00000000f5d80000, 0x0000000100000000)
  eden space 98816K, 100% used [0x00000000eab00000,0x00000000f0b80000,0x00000000f0b80000)
  from space 35840K, 0% used [0x00000000f3280000,0x00000000f3280000,0x00000000f5580000)
  to   space 39936K, 0% used [0x00000000f0b80000,0x00000000f0b80000,0x00000000f3280000)
 ParOldGen       total 126464K, used 100300K [0x00000000c0000000, 0x00000000c7b80000, 0x00000000eab00000)
  object space 126464K, 79% used [0x00000000c0000000,0x00000000c61f3180,0x00000000c7b80000)
 Metaspace       used 75539K, capacity 80811K, committed 81024K, reserved 1118208K
  class space    used 10689K, capacity 12658K, committed 12672K, reserved 1048576K
Event: 875.990 GC heap after
Heap after GC invocations=46 (full 11):
 PSYoungGen      total 138752K, used 19627K [0x00000000eab00000, 0x00000000f6080000, 0x0000000100000000)
  eden space 98816K, 0% used [0x00000000eab00000,0x00000000eab00000,0x00000000f0b80000)
  from space 39936K, 49% used [0x00000000f0b80000,0x00000000f1eaaf30,0x00000000f3280000)
  to   space 38912K, 0% used [0x00000000f3a80000,0x00000000f3a80000,0x00000000f6080000)
 ParOldGen       total 126464K, used 100308K [0x00000000c0000000, 0x00000000c7b80000, 0x00000000eab00000)
  object space 126464K, 79% used [0x00000000c0000000,0x00000000c61f5180,0x00000000c7b80000)
 Metaspace       used 75539K, capacity 80811K, committed 81024K, reserved 1118208K
  class space    used 10689K, capacity 12658K, committed 12672K, reserved 1048576K
}
Event: 912.949 GC heap before
{Heap before GC invocations=47 (full 11):
 PSYoungGen      total 138752K, used 118443K [0x00000000eab00000, 0x00000000f6080000, 0x0000000100000000)
  eden space 98816K, 100% used [0x00000000eab00000,0x00000000f0b80000,0x00000000f0b80000)
  from space 39936K, 49% used [0x00000000f0b80000,0x00000000f1eaaf30,0x00000000f3280000)
  to   space 38912K, 0% used [0x00000000f3a80000,0x00000000f3a80000,0x00000000f6080000)
 ParOldGen       total 126464K, used 100308K [0x00000000c0000000, 0x00000000c7b80000, 0x00000000eab00000)
  object space 126464K, 79% used [0x00000000c0000000,0x00000000c61f5180,0x00000000c7b80000)
 Metaspace       used 77652K, capacity 83530K, committed 83840K, reserved 1120256K
  class space    used 10978K, capacity 13125K, committed 13184K, reserved 1048576K
Event: 912.967 GC heap after
Heap after GC invocations=47 (full 11):
 PSYoungGen      total 141824K, used 24278K [0x00000000eab00000, 0x00000000f5e80000, 0x0000000100000000)
  eden space 104960K, 0% used [0x00000000eab00000,0x00000000eab00000,0x00000000f1180000)
  from space 36864K, 65% used [0x00000000f3a80000,0x00000000f5235808,0x00000000f5e80000)
  to   space 39424K, 0% used [0x00000000f1180000,0x00000000f1180000,0x00000000f3800000)
 ParOldGen       total 126464K, used 100316K [0x00000000c0000000, 0x00000000c7b80000, 0x00000000eab00000)
  object space 126464K, 79% used [0x00000000c0000000,0x00000000c61f7180,0x00000000c7b80000)
 Metaspace       used 77652K, capacity 83530K, committed 83840K, reserved 1120256K
  class space    used 10978K, capacity 13125K, committed 13184K, reserved 1048576K
}

